<?xml version="1.0" encoding="UTF-8"?>
<!-- Generated by org.testng.reporters.JUnitReportReporter -->
<testsuite hostname="RyK-PC" failures="0" tests="2" name="Testing.ComputeHub.TestUser" time="11.131" errors="0" timestamp="2023-12-29T12:52:01 WIB" skipped="0">
  <testcase classname="Testing.ComputeHub.TestUser" name="TC1" time="5.908"/>
  <testcase classname="Testing.ComputeHub.TestUser" name="TC2" time="5.223"/>
</testsuite> <!-- Testing.ComputeHub.TestUser -->
