<?xml version="1.0" encoding="UTF-8"?>
<!-- Generated by org.testng.reporters.JUnitReportReporter -->
<testsuite hostname="RyK-PC" failures="0" tests="22" name="Testing.ComputeHub.TestUser" time="98.597" errors="0" timestamp="2023-12-31T11:08:09 WIB" skipped="0">
  <testcase classname="Testing.ComputeHub.TestUser" name="TC15" time="6.740"/>
  <testcase classname="Testing.ComputeHub.TestUser" name="TC03" time="3.195"/>
  <testcase classname="Testing.ComputeHub.TestUser" name="TC07" time="2.696"/>
  <testcase classname="Testing.ComputeHub.TestUser" name="TC12" time="3.524"/>
  <testcase classname="Testing.ComputeHub.TestUser" name="TC02" time="3.383"/>
  <testcase classname="Testing.ComputeHub.TestUser" name="TC04" time="3.215"/>
  <testcase classname="Testing.ComputeHub.TestUser" name="TC05" time="3.075"/>
  <testcase classname="Testing.ComputeHub.TestUser" name="TC13" time="3.912"/>
  <testcase classname="Testing.ComputeHub.TestUser" name="TC14" time="4.145"/>
  <testcase classname="Testing.ComputeHub.TestUser" name="TC22" time="5.955"/>
  <testcase classname="Testing.ComputeHub.TestUser" name="TC08" time="2.714"/>
  <testcase classname="Testing.ComputeHub.TestUser" name="TC19" time="11.967"/>
  <testcase classname="Testing.ComputeHub.TestUser" name="TC01" time="3.258"/>
  <testcase classname="Testing.ComputeHub.TestUser" name="TC10" time="3.489"/>
  <testcase classname="Testing.ComputeHub.TestUser" name="TC06" time="2.682"/>
  <testcase classname="Testing.ComputeHub.TestUser" name="TC16" time="5.256"/>
  <testcase classname="Testing.ComputeHub.TestUser" name="TC20" time="7.331"/>
  <testcase classname="Testing.ComputeHub.TestUser" name="TC09" time="2.809"/>
  <testcase classname="Testing.ComputeHub.TestUser" name="TC11" time="3.508"/>
  <testcase classname="Testing.ComputeHub.TestUser" name="TC17" time="5.432"/>
  <testcase classname="Testing.ComputeHub.TestUser" name="TC18" time="5.660"/>
  <testcase classname="Testing.ComputeHub.TestUser" name="TC21" time="4.651"/>
</testsuite> <!-- Testing.ComputeHub.TestUser -->
