<?xml version="1.0" encoding="UTF-8"?>
<!-- Generated by org.testng.reporters.JUnitReportReporter -->
<testsuite hostname="RyK-PC" failures="0" tests="2" name="Testing.ComputeHub.TestUser" time="8.233" errors="0" timestamp="2023-12-30T11:11:36 WIB" skipped="1">
  <testcase classname="Testing.ComputeHub.TestUser" name="TC19" time="8.233"/>
  <testcase classname="Testing.ComputeHub.TestUser" name="TC11">
    <skipped/>
  </testcase> <!-- TC11 -->
</testsuite> <!-- Testing.ComputeHub.TestUser -->
