<?xml version="1.0" encoding="UTF-8"?>
<!-- Generated by org.testng.reporters.JUnitReportReporter -->
<testsuite hostname="RyK-PC" failures="0" tests="11" name="Testing.ComputeHub.TestUser" time="32.000" errors="0" timestamp="2023-12-29T14:26:13 WIB" skipped="1">
  <testcase classname="Testing.ComputeHub.TestUser" name="TC1" time="3.910"/>
  <testcase classname="Testing.ComputeHub.TestUser" name="TC3" time="3.813"/>
  <testcase classname="Testing.ComputeHub.TestUser" name="TC2" time="3.265"/>
  <testcase classname="Testing.ComputeHub.TestUser" name="TC10" time="3.527"/>
  <testcase classname="Testing.ComputeHub.TestUser" name="TC5" time="2.928"/>
  <testcase classname="Testing.ComputeHub.TestUser" name="TC8" time="2.778"/>
  <testcase classname="Testing.ComputeHub.TestUser" name="TC9" time="2.720"/>
  <testcase classname="Testing.ComputeHub.TestUser" name="TC6" time="2.698"/>
  <testcase classname="Testing.ComputeHub.TestUser" name="TC7" time="2.668"/>
  <testcase classname="Testing.ComputeHub.TestUser" name="TC4" time="3.693"/>
  <testcase classname="Testing.ComputeHub.TestUser" name="TC11">
    <skipped/>
  </testcase> <!-- TC11 -->
</testsuite> <!-- Testing.ComputeHub.TestUser -->
