<?xml version="1.0" encoding="UTF-8"?>
<!-- Generated by org.testng.reporters.JUnitReportReporter -->
<testsuite hostname="RyK-PC" failures="0" tests="2" name="Testing.ComputeHub.TestUser" time="5.285" errors="0" timestamp="2023-12-30T10:31:08 WIB" skipped="1">
  <testcase classname="Testing.ComputeHub.TestUser" name="TC16" time="5.285"/>
  <testcase classname="Testing.ComputeHub.TestUser" name="TC11">
    <skipped/>
  </testcase> <!-- TC11 -->
</testsuite> <!-- Testing.ComputeHub.TestUser -->
