<?xml version="1.0" encoding="UTF-8"?>
<!-- Generated by org.testng.reporters.JUnitReportReporter -->
<testsuite hostname="RyK-PC" failures="0" tests="2" name="Testing.ComputeHub.TestUser" time="4.395" errors="0" timestamp="2023-12-29T15:03:49 WIB" skipped="1">
  <testcase classname="Testing.ComputeHub.TestUser" name="TC12" time="4.395"/>
  <testcase classname="Testing.ComputeHub.TestUser" name="TC11">
    <skipped/>
  </testcase> <!-- TC11 -->
</testsuite> <!-- Testing.ComputeHub.TestUser -->
