<?xml version="1.0" encoding="UTF-8"?>
<!-- Generated by org.testng.reporters.JUnitReportReporter -->
<testsuite hostname="RyK-PC" failures="0" tests="1" name="Testing.ComputeHub.TestUser" time="6.002" errors="0" timestamp="2023-12-29T11:35:06 WIB" skipped="0">
  <testcase classname="Testing.ComputeHub.TestUser" name="TC1" time="6.002"/>
</testsuite> <!-- Testing.ComputeHub.TestUser -->
