<?xml version="1.0" encoding="UTF-8"?>
<!-- Generated by org.testng.reporters.JUnitReportReporter -->
<testsuite hostname="RyK-PC" failures="0" tests="18" name="Testing.ComputeHub.TestAdmin" time="82.773" errors="0" timestamp="2023-12-31T10:43:11 WIB" skipped="0">
  <testcase classname="Testing.ComputeHub.TestAdmin" name="TC02" time="3.235"/>
  <testcase classname="Testing.ComputeHub.TestAdmin" name="TC03" time="3.245"/>
  <testcase classname="Testing.ComputeHub.TestAdmin" name="TC04" time="4.124"/>
  <testcase classname="Testing.ComputeHub.TestAdmin" name="TC05" time="4.994"/>
  <testcase classname="Testing.ComputeHub.TestAdmin" name="TC09" time="4.795"/>
  <testcase classname="Testing.ComputeHub.TestAdmin" name="TC01" time="3.530"/>
  <testcase classname="Testing.ComputeHub.TestAdmin" name="TC16" time="4.457"/>
  <testcase classname="Testing.ComputeHub.TestAdmin" name="TC06" time="6.223"/>
  <testcase classname="Testing.ComputeHub.TestAdmin" name="TC10" time="4.092"/>
  <testcase classname="Testing.ComputeHub.TestAdmin" name="TC18" time="4.126"/>
  <testcase classname="Testing.ComputeHub.TestAdmin" name="TC17" time="4.959"/>
  <testcase classname="Testing.ComputeHub.TestAdmin" name="TC11" time="3.947"/>
  <testcase classname="Testing.ComputeHub.TestAdmin" name="TC15" time="3.895"/>
  <testcase classname="Testing.ComputeHub.TestAdmin" name="TC08" time="5.531"/>
  <testcase classname="Testing.ComputeHub.TestAdmin" name="TC14" time="6.545"/>
  <testcase classname="Testing.ComputeHub.TestAdmin" name="TC07" time="5.211"/>
  <testcase classname="Testing.ComputeHub.TestAdmin" name="TC13" time="4.851"/>
  <testcase classname="Testing.ComputeHub.TestAdmin" name="TC12" time="5.013"/>
</testsuite> <!-- Testing.ComputeHub.TestAdmin -->
