<?xml version="1.0" encoding="UTF-8"?>
<!-- Generated by org.testng.reporters.JUnitReportReporter -->
<testsuite hostname="RyK-PC" failures="0" tests="4" name="Testing.ComputeHub.TestAdmin" time="6.298" errors="0" timestamp="2023-12-30T20:45:40 WIB" skipped="3">
  <testcase classname="Testing.ComputeHub.TestAdmin" name="TC13" time="6.298"/>
  <testcase classname="Testing.ComputeHub.TestAdmin" name="TC07">
    <skipped/>
  </testcase> <!-- TC07 -->
  <testcase classname="Testing.ComputeHub.TestAdmin" name="TC05">
    <skipped/>
  </testcase> <!-- TC05 -->
  <testcase classname="Testing.ComputeHub.TestAdmin" name="TC06">
    <skipped/>
  </testcase> <!-- TC06 -->
</testsuite> <!-- Testing.ComputeHub.TestAdmin -->
